# JRE version: Java(TM) SE Runtime Environment (8.0_111-b14) (build 1.8.0_111-b14)
# Java VM: Java HotSpot(TM) Client VM (25.111-b14 mixed mode, sharing windows-x86 )
Heap:
 def new generation   total 76224K, used 33760K [0x03a00000, 0x08cb0000, 0x08f50000)
  eden space 67776K,  41% used [0x03a00000, 0x05564a78, 0x07c30000)
  from space 8448K,  67% used [0x07c30000, 0x081c3750, 0x08470000)
  to   space 8448K,   0% used [0x08470000, 0x08470000, 0x08cb0000)
 tenured generation   total 169160K, used 122475K [0x08f50000, 0x13482000, 0x13a00000)
   the space 169160K,  72% used [0x08f50000, 0x106eaf40, 0x106eb000, 0x13482000)
 Metaspace       used 14751K, capacity 15449K, committed 15488K, reserved 15744K
GC Heap History (10 events):
Event: 1603.867 GC heap before
{Heap before GC invocations=1963 (full 15):
 def new generation   total 76224K, used 73680K [0x03a00000, 0x08cb0000, 0x08f50000)
  eden space 67776K,  99% used [0x03a00000, 0x07c15420, 0x07c30000)
  from space 8448K,  71% used [0x08470000, 0x08a4ec98, 0x08cb0000)
  to   space 8448K,   0% used [0x07c30000, 0x07c30000, 0x08470000)
 tenured generation   total 169160K, used 116467K [0x08f50000, 0x13482000, 0x13a00000)
   the space 169160K,  68% used [0x08f50000, 0x1010ce30, 0x1010d000, 0x13482000)
 Metaspace       used 14751K, capacity 15449K, committed 15488K, reserved 15744K
Event: 1603.878 GC heap after
Heap after GC invocations=1964 (full 15):
 def new generation   total 76224K, used 4809K [0x03a00000, 0x08cb0000, 0x08f50000)
  eden space 67776K,   0% used [0x03a00000, 0x03a00000, 0x07c30000)
  from space 8448K,  56% used [0x07c30000, 0x080e2660, 0x08470000)
  to   space 8448K,   0% used [0x08470000, 0x08470000, 0x08cb0000)
 tenured generation   total 169160K, used 117669K [0x08f50000, 0x13482000, 0x13a00000)
   the space 169160K,  69% used [0x08f50000, 0x102395a8, 0x10239600, 0x13482000)
 Metaspace       used 14751K, capacity 15449K, committed 15488K, reserved 15744K
}
Event: 1604.471 GC heap before
{Heap before GC invocations=1964 (full 15):
 def new generation   total 76224K, used 72178K [0x03a00000, 0x08cb0000, 0x08f50000)
  eden space 67776K,  99% used [0x03a00000, 0x07bca350, 0x07c30000)
  from space 8448K,  56% used [0x07c30000, 0x080e2660, 0x08470000)
  to   space 8448K,   0% used [0x08470000, 0x08470000, 0x08cb0000)
 tenured generation   total 169160K, used 117669K [0x08f50000, 0x13482000, 0x13a00000)
   the space 169160K,  69% used [0x08f50000, 0x102395a8, 0x10239600, 0x13482000)
 Metaspace       used 14751K, capacity 15449K, committed 15488K, reserved 15744K
Event: 1604.482 GC heap after
Heap after GC invocations=1965 (full 15):
 def new generation   total 76224K, used 4809K [0x03a00000, 0x08cb0000, 0x08f50000)
  eden space 67776K,   0% used [0x03a00000, 0x03a00000, 0x07c30000)
  from space 8448K,  56% used [0x08470000, 0x08922678, 0x08cb0000)
  to   space 8448K,   0% used [0x07c30000, 0x07c30000, 0x08470000)
 tenured generation   total 169160K, used 118870K [0x08f50000, 0x13482000, 0x13a00000)
   the space 169160K,  70% used [0x08f50000, 0x10365ba0, 0x10365c00, 0x13482000)
 Metaspace       used 14751K, capacity 15449K, committed 15488K, reserved 15744K
}
Event: 1605.060 GC heap before
{Heap before GC invocations=1965 (full 15):
 def new generation   total 76224K, used 71873K [0x03a00000, 0x08cb0000, 0x08f50000)
  eden space 67776K,  98% used [0x03a00000, 0x07b7ddc8, 0x07c30000)
  from space 8448K,  56% used [0x08470000, 0x08922678, 0x08cb0000)
  to   space 8448K,   0% used [0x07c30000, 0x07c30000, 0x08470000)
 tenured generation   total 169160K, used 118870K [0x08f50000, 0x13482000, 0x13a00000)
   the space 169160K,  70% used [0x08f50000, 0x10365ba0, 0x10365c00, 0x13482000)
 Metaspace       used 14751K, capacity 15449K, committed 15488K, reserved 15744K
Event: 1605.071 GC heap after
Heap after GC invocations=1966 (full 15):
 def new generation   total 76224K, used 4809K [0x03a00000, 0x08cb0000, 0x08f50000)
  eden space 67776K,   0% used [0x03a00000, 0x03a00000, 0x07c30000)
  from space 8448K,  56% used [0x07c30000, 0x080e2708, 0x08470000)
  to   space 8448K,   0% used [0x08470000, 0x08470000, 0x08cb0000)
 tenured generation   total 169160K, used 120072K [0x08f50000, 0x13482000, 0x13a00000)
   the space 169160K,  70% used [0x08f50000, 0x10492268, 0x10492400, 0x13482000)
 Metaspace       used 14751K, capacity 15449K, committed 15488K, reserved 15744K
}
Event: 1605.712 GC heap before
{Heap before GC invocations=1966 (full 15):
 def new generation   total 76224K, used 72473K [0x03a00000, 0x08cb0000, 0x08f50000)
  eden space 67776K,  99% used [0x03a00000, 0x07c13fa0, 0x07c30000)
  from space 8448K,  56% used [0x07c30000, 0x080e2708, 0x08470000)
  to   space 8448K,   0% used [0x08470000, 0x08470000, 0x08cb0000)
 tenured generation   total 169160K, used 120072K [0x08f50000, 0x13482000, 0x13a00000)
   the space 169160K,  70% used [0x08f50000, 0x10492268, 0x10492400, 0x13482000)
 Metaspace       used 14751K, capacity 15449K, committed 15488K, reserved 15744K
Event: 1605.723 GC heap after
Heap after GC invocations=1967 (full 15):
 def new generation   total 76224K, used 4809K [0x03a00000, 0x08cb0000, 0x08f50000)
  eden space 67776K,   0% used [0x03a00000, 0x03a00000, 0x07c30000)
  from space 8448K,  56% used [0x08470000, 0x08922420, 0x08cb0000)
  to   space 8448K,   0% used [0x07c30000, 0x07c30000, 0x08470000)
 tenured generation   total 169160K, used 121274K [0x08f50000, 0x13482000, 0x13a00000)
   the space 169160K,  71% used [0x08f50000, 0x105be978, 0x105bea00, 0x13482000)
 Metaspace       used 14751K, capacity 15449K, committed 15488K, reserved 15744K
}
Event: 1606.320 GC heap before
{Heap before GC invocations=1967 (full 15):
 def new generation   total 76224K, used 71875K [0x03a00000, 0x08cb0000, 0x08f50000)
  eden space 67776K,  98% used [0x03a00000, 0x07b7e7f8, 0x07c30000)
  from space 8448K,  56% used [0x08470000, 0x08922420, 0x08cb0000)
  to   space 8448K,   0% used [0x07c30000, 0x07c30000, 0x08470000)
 tenured generation   total 169160K, used 121274K [0x08f50000, 0x13482000, 0x13a00000)
   the space 169160K,  71% used [0x08f50000, 0x105be978, 0x105bea00, 0x13482000)
 Metaspace       used 14751K, capacity 15449K, committed 15488K, reserved 15744K
Event: 1606.335 GC heap after
Heap after GC invocations=1968 (full 15):
 def new generation   total 76224K, used 5709K [0x03a00000, 0x08cb0000, 0x08f50000)
  eden space 67776K,   0% used [0x03a00000, 0x03a00000, 0x07c30000)
  from space 8448K,  67% used [0x07c30000, 0x081c3750, 0x08470000)
  to   space 8448K,   0% used [0x08470000, 0x08470000, 0x08cb0000)
 tenured generation   total 169160K, used 122475K [0x08f50000, 0x13482000, 0x13a00000)
   the space 169160K,  72% used [0x08f50000, 0x106eaf40, 0x106eb000, 0x13482000)
 Metaspace       used 14751K, capacity 15449K, committed 15488K, reserved 15744K
}

