# JRE version: Java(TM) SE Runtime Environment (8.0_111-b14) (build 1.8.0_111-b14)
# Java VM: Java HotSpot(TM) 64-Bit Server VM (25.111-b14 mixed mode windows-amd64 compressed oops)
Heap:
 PSYoungGen      total 741376K, used 494505K [0x000000076b300000, 0x000000079cc00000, 0x00000007c0000000)
  eden space 729600K, 66% used [0x000000076b300000,0x0000000788a90588,0x0000000797b80000)
  from space 11776K, 98% used [0x000000079c080000,0x000000079cbda0b0,0x000000079cc00000)
  to   space 21504K, 0% used [0x000000079a200000,0x000000079a200000,0x000000079b700000)
 ParOldGen       total 305664K, used 82962K [0x00000006c1800000, 0x00000006d4280000, 0x000000076b300000)
  object space 305664K, 27% used [0x00000006c1800000,0x00000006c6904948,0x00000006d4280000)
 Metaspace       used 38115K, capacity 39126K, committed 39336K, reserved 1083392K
  class space    used 5285K, capacity 5497K, committed 5552K, reserved 1048576K
GC Heap History (10 events):
Event: 122.487 GC heap before
{Heap before GC invocations=42 (full 3):
 PSYoungGen      total 793088K, used 776813K [0x000000076b300000, 0x000000079d100000, 0x00000007c0000000)
  eden space 773120K, 99% used [0x000000076b300000,0x000000079a5d75f8,0x000000079a600000)
  from space 19968K, 19% used [0x000000079bd80000,0x000000079c144030,0x000000079d100000)
  to   space 22016K, 0% used [0x000000079a600000,0x000000079a600000,0x000000079bb80000)
 ParOldGen       total 316928K, used 290830K [0x00000006c1800000, 0x00000006d4d80000, 0x000000076b300000)
  object space 316928K, 91% used [0x00000006c1800000,0x00000006d3403818,0x00000006d4d80000)
 Metaspace       used 37807K, capacity 38724K, committed 39080K, reserved 1083392K
  class space    used 5251K, capacity 5430K, committed 5552K, reserved 1048576K
Event: 122.489 GC heap after
Heap after GC invocations=42 (full 3):
 PSYoungGen      total 795136K, used 320K [0x000000076b300000, 0x000000079e100000, 0x00000007c0000000)
  eden space 773120K, 0% used [0x000000076b300000,0x000000076b300000,0x000000079a600000)
  from space 22016K, 1% used [0x000000079a600000,0x000000079a650000,0x000000079bb80000)
  to   space 22016K, 0% used [0x000000079cb80000,0x000000079cb80000,0x000000079e100000)
 ParOldGen       total 316928K, used 290830K [0x00000006c1800000, 0x00000006d4d80000, 0x000000076b300000)
  object space 316928K, 91% used [0x00000006c1800000,0x00000006d3403818,0x00000006d4d80000)
 Metaspace       used 37807K, capacity 38724K, committed 39080K, reserved 1083392K
  class space    used 5251K, capacity 5430K, committed 5552K, reserved 1048576K
}
Event: 127.559 GC heap before
{Heap before GC invocations=43 (full 3):
 PSYoungGen      total 795136K, used 772903K [0x000000076b300000, 0x000000079e100000, 0x00000007c0000000)
  eden space 773120K, 99% used [0x000000076b300000,0x000000079a579e40,0x000000079a600000)
  from space 22016K, 1% used [0x000000079a600000,0x000000079a650000,0x000000079bb80000)
  to   space 22016K, 0% used [0x000000079cb80000,0x000000079cb80000,0x000000079e100000)
 ParOldGen       total 316928K, used 292030K [0x00000006c1800000, 0x00000006d4d80000, 0x000000076b300000)
  object space 316928K, 92% used [0x00000006c1800000,0x00000006d352f828,0x00000006d4d80000)
 Metaspace       used 37807K, capacity 38724K, committed 39080K, reserved 1083392K
  class space    used 5252K, capacity 5430K, committed 5552K, reserved 1048576K
Event: 127.568 GC heap after
Heap after GC invocations=43 (full 3):
 PSYoungGen      total 811520K, used 11120K [0x000000076b300000, 0x000000079e480000, 0x00000007c0000000)
  eden space 789504K, 0% used [0x000000076b300000,0x000000076b300000,0x000000079b600000)
  from space 22016K, 50% used [0x000000079cb80000,0x000000079d65c0a0,0x000000079e100000)
  to   space 22016K, 0% used [0x000000079b600000,0x000000079b600000,0x000000079cb80000)
 ParOldGen       total 316928K, used 292070K [0x00000006c1800000, 0x00000006d4d80000, 0x000000076b300000)
  object space 316928K, 92% used [0x00000006c1800000,0x00000006d3539828,0x00000006d4d80000)
 Metaspace       used 37807K, capacity 38724K, committed 39080K, reserved 1083392K
  class space    used 5252K, capacity 5430K, committed 5552K, reserved 1048576K
}
Event: 133.197 GC heap before
{Heap before GC invocations=44 (full 4):
 PSYoungGen      total 811520K, used 799942K [0x000000076b300000, 0x000000079e480000, 0x00000007c0000000)
  eden space 789504K, 99% used [0x000000076b300000,0x000000079b5557f0,0x000000079b600000)
  from space 22016K, 50% used [0x000000079cb80000,0x000000079d65c0a0,0x000000079e100000)
  to   space 22016K, 0% used [0x000000079b600000,0x000000079b600000,0x000000079cb80000)
 ParOldGen       total 358400K, used 358071K [0x00000006c1800000, 0x00000006d7600000, 0x000000076b300000)
  object space 358400K, 99% used [0x00000006c1800000,0x00000006d75adc18,0x00000006d7600000)
 Metaspace       used 37807K, capacity 38724K, committed 39080K, reserved 1083392K
  class space    used 5252K, capacity 5430K, committed 5552K, reserved 1048576K
Event: 133.258 GC heap after
Heap after GC invocations=44 (full 4):
 PSYoungGen      total 811520K, used 0K [0x000000076b300000, 0x000000079e480000, 0x00000007c0000000)
  eden space 789504K, 0% used [0x000000076b300000,0x000000076b300000,0x000000079b600000)
  from space 22016K, 0% used [0x000000079cb80000,0x000000079cb80000,0x000000079e100000)
  to   space 22016K, 0% used [0x000000079b600000,0x000000079b600000,0x000000079cb80000)
 ParOldGen       total 305664K, used 81762K [0x00000006c1800000, 0x00000006d4280000, 0x000000076b300000)
  object space 305664K, 26% used [0x00000006c1800000,0x00000006c67d8938,0x00000006d4280000)
 Metaspace       used 37807K, capacity 38724K, committed 39080K, reserved 1083392K
  class space    used 5252K, capacity 5430K, committed 5552K, reserved 1048576K
}
Event: 138.424 GC heap before
{Heap before GC invocations=45 (full 4):
 PSYoungGen      total 811520K, used 789304K [0x000000076b300000, 0x000000079e480000, 0x00000007c0000000)
  eden space 789504K, 99% used [0x000000076b300000,0x000000079b5ce2a8,0x000000079b600000)
  from space 22016K, 0% used [0x000000079cb80000,0x000000079cb80000,0x000000079e100000)
  to   space 22016K, 0% used [0x000000079b600000,0x000000079b600000,0x000000079cb80000)
 ParOldGen       total 305664K, used 81762K [0x00000006c1800000, 0x00000006d4280000, 0x000000076b300000)
  object space 305664K, 26% used [0x00000006c1800000,0x00000006c67d8938,0x00000006d4280000)
 Metaspace       used 37807K, capacity 38724K, committed 39080K, reserved 1083392K
  class space    used 5252K, capacity 5430K, committed 5552K, reserved 1048576K
Event: 138.430 GC heap after
Heap after GC invocations=45 (full 4):
 PSYoungGen      total 769536K, used 10424K [0x000000076b300000, 0x000000079cc00000, 0x00000007c0000000)
  eden space 758784K, 0% used [0x000000076b300000,0x000000076b300000,0x0000000799800000)
  from space 10752K, 96% used [0x000000079b600000,0x000000079c02e0a0,0x000000079c080000)
  to   space 11776K, 0% used [0x000000079c080000,0x000000079c080000,0x000000079cc00000)
 ParOldGen       total 305664K, used 81762K [0x00000006c1800000, 0x00000006d4280000, 0x000000076b300000)
  object space 305664K, 26% used [0x00000006c1800000,0x00000006c67d8938,0x00000006d4280000)
 Metaspace       used 37807K, capacity 38724K, committed 39080K, reserved 1083392K
  class space    used 5252K, capacity 5430K, committed 5552K, reserved 1048576K
}
Event: 143.428 GC heap before
{Heap before GC invocations=46 (full 4):
 PSYoungGen      total 769536K, used 768731K [0x000000076b300000, 0x000000079cc00000, 0x00000007c0000000)
  eden space 758784K, 99% used [0x000000076b300000,0x0000000799788f40,0x0000000799800000)
  from space 10752K, 96% used [0x000000079b600000,0x000000079c02e0a0,0x000000079c080000)
  to   space 11776K, 0% used [0x000000079c080000,0x000000079c080000,0x000000079cc00000)
 ParOldGen       total 305664K, used 82962K [0x00000006c1800000, 0x00000006d4280000, 0x000000076b300000)
  object space 305664K, 27% used [0x00000006c1800000,0x00000006c6904948,0x00000006d4280000)
 Metaspace       used 37807K, capacity 38724K, committed 39080K, reserved 1083392K
  class space    used 5252K, capacity 5430K, committed 5552K, reserved 1048576K
Event: 143.435 GC heap after
Heap after GC invocations=46 (full 4):
 PSYoungGen      total 741376K, used 11624K [0x000000076b300000, 0x000000079cc00000, 0x00000007c0000000)
  eden space 729600K, 0% used [0x000000076b300000,0x000000076b300000,0x0000000797b80000)
  from space 11776K, 98% used [0x000000079c080000,0x000000079cbda0b0,0x000000079cc00000)
  to   space 21504K, 0% used [0x000000079a200000,0x000000079a200000,0x000000079b700000)
 ParOldGen       total 305664K, used 82962K [0x00000006c1800000, 0x00000006d4280000, 0x000000076b300000)
  object space 305664K, 27% used [0x00000006c1800000,0x00000006c6904948,0x00000006d4280000)
 Metaspace       used 37807K, capacity 38724K, committed 39080K, reserved 1083392K
  class space    used 5252K, capacity 5430K, committed 5552K, reserved 1048576K
}

